<?xml version="1.0" encoding="UTF-8"?>
<coverage generated="1679241241810" clover="3.2.0">
  <project timestamp="1679241241810" name="All files">
    <metrics statements="56" coveredstatements="56" conditionals="8" coveredconditionals="8" methods="15" coveredmethods="15" elements="79" coveredelements="79" complexity="0" loc="56" ncloc="56" packages="3" files="6" classes="6"/>
    <package name="config">
      <metrics statements="3" coveredstatements="3" conditionals="0" coveredconditionals="0" methods="0" coveredmethods="0"/>
      <file name="database.js" path="/Users/MacOS/financial_api/src/config/database.js">
        <metrics statements="3" coveredstatements="3" conditionals="0" coveredconditionals="0" methods="0" coveredmethods="0"/>
        <line num="1" count="3" type="stmt"/>
        <line num="3" count="3" type="stmt"/>
        <line num="11" count="3" type="stmt"/>
      </file>
    </package>
    <package name="models">
      <metrics statements="23" coveredstatements="23" conditionals="8" coveredconditionals="8" methods="3" coveredmethods="3"/>
      <file name="index.js" path="/Users/MacOS/financial_api/src/models/index.js">
        <metrics statements="2" coveredstatements="2" conditionals="0" coveredconditionals="0" methods="0" coveredmethods="0"/>
        <line num="1" count="1" type="stmt"/>
        <line num="3" count="1" type="stmt"/>
      </file>
      <file name="summary.js" path="/Users/MacOS/financial_api/src/models/summary.js">
        <metrics statements="21" coveredstatements="21" conditionals="8" coveredconditionals="8" methods="3" coveredmethods="3"/>
        <line num="3" count="10" type="stmt"/>
        <line num="16" count="72" type="cond" truecount="8" falsecount="0"/>
        <line num="18" count="9" type="stmt"/>
        <line num="19" count="9" type="stmt"/>
        <line num="21" count="9" type="stmt"/>
        <line num="22" count="9" type="stmt"/>
        <line num="24" count="9" type="stmt"/>
        <line num="25" count="9" type="stmt"/>
        <line num="27" count="9" type="stmt"/>
        <line num="28" count="9" type="stmt"/>
        <line num="30" count="9" type="stmt"/>
        <line num="31" count="9" type="stmt"/>
        <line num="33" count="9" type="stmt"/>
        <line num="34" count="9" type="stmt"/>
        <line num="36" count="9" type="stmt"/>
        <line num="37" count="9" type="stmt"/>
        <line num="39" count="9" type="stmt"/>
        <line num="40" count="9" type="stmt"/>
        <line num="44" count="1" type="stmt"/>
        <line num="57" count="1" type="stmt"/>
        <line num="61" count="1" type="stmt"/>
      </file>
    </package>
    <package name="services">
      <metrics statements="30" coveredstatements="30" conditionals="0" coveredconditionals="0" methods="12" coveredmethods="12"/>
      <file name="Despesas.services.js" path="/Users/MacOS/financial_api/src/services/Despesas.services.js">
        <metrics statements="7" coveredstatements="7" conditionals="0" coveredconditionals="0" methods="2" coveredmethods="2"/>
        <line num="1" count="2" type="stmt"/>
        <line num="2" count="2" type="stmt"/>
        <line num="6" count="2" type="stmt"/>
        <line num="9" count="11" type="stmt"/>
        <line num="10" count="11" type="stmt"/>
        <line num="11" count="11" type="stmt"/>
        <line num="15" count="2" type="stmt"/>
      </file>
      <file name="Receitas.services.js" path="/Users/MacOS/financial_api/src/services/Receitas.services.js">
        <metrics statements="3" coveredstatements="3" conditionals="0" coveredconditionals="0" methods="1" coveredmethods="1"/>
        <line num="1" count="1" type="stmt"/>
        <line num="5" count="1" type="stmt"/>
        <line num="9" count="1" type="stmt"/>
      </file>
      <file name="Services.js" path="/Users/MacOS/financial_api/src/services/Services.js">
        <metrics statements="20" coveredstatements="20" conditionals="0" coveredconditionals="0" methods="9" coveredmethods="9"/>
        <line num="1" count="3" type="stmt"/>
        <line num="5" count="3" type="stmt"/>
        <line num="8" count="4" type="stmt"/>
        <line num="9" count="4" type="stmt"/>
        <line num="12" count="3" type="stmt"/>
        <line num="13" count="3" type="stmt"/>
        <line num="14" count="3" type="stmt"/>
        <line num="17" count="2" type="stmt"/>
        <line num="18" count="2" type="stmt"/>
        <line num="21" count="2" type="stmt"/>
        <line num="22" count="2" type="stmt"/>
        <line num="23" count="2" type="stmt"/>
        <line num="26" count="2" type="stmt"/>
        <line num="27" count="2" type="stmt"/>
        <line num="30" count="2" type="stmt"/>
        <line num="31" count="2" type="stmt"/>
        <line num="34" count="11" type="stmt"/>
        <line num="35" count="11" type="stmt"/>
        <line num="38" count="3" type="stmt"/>
        <line num="42" count="3" type="stmt"/>
      </file>
    </package>
  </project>
</coverage>
