{"/Users/MacOS/financial_api/src/index.js": {"path":"/Users/MacOS/financial_api/src/index.js","statementMap":{"0":{"start":{"line":3,"column":16},"end":{"line":3,"column":34}},"1":{"start":{"line":4,"column":13},"end":{"line":4,"column":28}},"2":{"start":{"line":5,"column":15},"end":{"line":5,"column":34}},"3":{"start":{"line":6,"column":12},"end":{"line":6,"column":21}},"4":{"start":{"line":9,"column":0},"end":{"line":9,"column":16}},"5":{"start":{"line":10,"column":0},"end":{"line":10,"column":24}},"6":{"start":{"line":11,"column":0},"end":{"line":11,"column":11}},"7":{"start":{"line":13,"column":0},"end":{"line":13,"column":20}}},"fnMap":{},"branchMap":{},"s":{"0":4,"1":4,"2":4,"3":4,"4":4,"5":4,"6":4,"7":4},"f":{},"b":{},"_coverageSchema":"1a1c01bbd47fc00a2c39e90264f33305004495a9","hash":"4e1792d6d2a7aea416c3ef63ecb64a9f0464b51a"}
,"/Users/MacOS/financial_api/src/config/database.js": {"path":"/Users/MacOS/financial_api/src/config/database.js","statementMap":{"0":{"start":{"line":1,"column":13},"end":{"line":1,"column":31}},"1":{"start":{"line":3,"column":13},"end":{"line":9,"column":2}},"2":{"start":{"line":11,"column":0},"end":{"line":11,"column":22}}},"fnMap":{},"branchMap":{},"s":{"0":8,"1":8,"2":8},"f":{},"b":{},"_coverageSchema":"1a1c01bbd47fc00a2c39e90264f33305004495a9","hash":"65d887a9d5e3e82b46e880e3a77916f5b09aa017"}
,"/Users/MacOS/financial_api/src/controllers/despesas.controller.js": {"path":"/Users/MacOS/financial_api/src/controllers/despesas.controller.js","statementMap":{"0":{"start":{"line":1,"column":29},"end":{"line":1,"column":51}},"1":{"start":{"line":2,"column":25},"end":{"line":2,"column":47}},"2":{"start":{"line":6,"column":8},"end":{"line":21,"column":9}},"3":{"start":{"line":7,"column":12},"end":{"line":16,"column":13}},"4":{"start":{"line":8,"column":16},"end":{"line":15,"column":17}},"5":{"start":{"line":9,"column":42},"end":{"line":9,"column":51}},"6":{"start":{"line":10,"column":37},"end":{"line":10,"column":77}},"7":{"start":{"line":12,"column":20},"end":{"line":12,"column":57}},"8":{"start":{"line":14,"column":20},"end":{"line":14,"column":62}},"9":{"start":{"line":17,"column":29},"end":{"line":17,"column":60}},"10":{"start":{"line":18,"column":12},"end":{"line":18,"column":49}},"11":{"start":{"line":20,"column":12},"end":{"line":20,"column":54}},"12":{"start":{"line":24,"column":8},"end":{"line":29,"column":9}},"13":{"start":{"line":25,"column":28},"end":{"line":25,"column":67}},"14":{"start":{"line":26,"column":12},"end":{"line":26,"column":48}},"15":{"start":{"line":28,"column":12},"end":{"line":28,"column":54}},"16":{"start":{"line":32,"column":8},"end":{"line":38,"column":9}},"17":{"start":{"line":33,"column":23},"end":{"line":33,"column":36}},"18":{"start":{"line":34,"column":34},"end":{"line":34,"column":67}},"19":{"start":{"line":35,"column":12},"end":{"line":35,"column":64}},"20":{"start":{"line":37,"column":12},"end":{"line":37,"column":54}},"21":{"start":{"line":41,"column":8},"end":{"line":47,"column":9}},"22":{"start":{"line":42,"column":23},"end":{"line":42,"column":36}},"23":{"start":{"line":43,"column":31},"end":{"line":43,"column":71}},"24":{"start":{"line":44,"column":12},"end":{"line":44,"column":99}},"25":{"start":{"line":46,"column":12},"end":{"line":46,"column":54}},"26":{"start":{"line":50,"column":8},"end":{"line":56,"column":9}},"27":{"start":{"line":51,"column":27},"end":{"line":51,"column":37}},"28":{"start":{"line":52,"column":28},"end":{"line":52,"column":58}},"29":{"start":{"line":53,"column":12},"end":{"line":53,"column":48}},"30":{"start":{"line":55,"column":12},"end":{"line":55,"column":54}},"31":{"start":{"line":59,"column":8},"end":{"line":65,"column":9}},"32":{"start":{"line":60,"column":36},"end":{"line":60,"column":46}},"33":{"start":{"line":61,"column":29},"end":{"line":61,"column":75}},"34":{"start":{"line":62,"column":12},"end":{"line":62,"column":49}},"35":{"start":{"line":64,"column":12},"end":{"line":64,"column":54}},"36":{"start":{"line":69,"column":0},"end":{"line":69,"column":34}}},"fnMap":{"0":{"name":"(anonymous_0)","decl":{"start":{"line":5,"column":4},"end":{"line":5,"column":5}},"loc":{"start":{"line":5,"column":30},"end":{"line":22,"column":5}},"line":5},"1":{"name":"(anonymous_1)","decl":{"start":{"line":23,"column":4},"end":{"line":23,"column":5}},"loc":{"start":{"line":23,"column":30},"end":{"line":30,"column":5}},"line":23},"2":{"name":"(anonymous_2)","decl":{"start":{"line":31,"column":4},"end":{"line":31,"column":5}},"loc":{"start":{"line":31,"column":32},"end":{"line":39,"column":5}},"line":31},"3":{"name":"(anonymous_3)","decl":{"start":{"line":40,"column":4},"end":{"line":40,"column":5}},"loc":{"start":{"line":40,"column":29},"end":{"line":48,"column":5}},"line":40},"4":{"name":"(anonymous_4)","decl":{"start":{"line":49,"column":4},"end":{"line":49,"column":5}},"loc":{"start":{"line":49,"column":29},"end":{"line":57,"column":5}},"line":49},"5":{"name":"(anonymous_5)","decl":{"start":{"line":58,"column":4},"end":{"line":58,"column":5}},"loc":{"start":{"line":58,"column":37},"end":{"line":66,"column":5}},"line":58}},"branchMap":{"0":{"loc":{"start":{"line":7,"column":12},"end":{"line":16,"column":13}},"type":"if","locations":[{"start":{"line":7,"column":12},"end":{"line":16,"column":13}},{"start":{},"end":{}}],"line":7}},"s":{"0":4,"1":4,"2":2,"3":2,"4":1,"5":1,"6":1,"7":1,"8":0,"9":1,"10":1,"11":0,"12":4,"13":4,"14":3,"15":1,"16":1,"17":1,"18":1,"19":1,"20":0,"21":1,"22":1,"23":1,"24":1,"25":0,"26":2,"27":2,"28":2,"29":2,"30":0,"31":2,"32":2,"33":2,"34":2,"35":0,"36":4},"f":{"0":2,"1":4,"2":1,"3":1,"4":2,"5":2},"b":{"0":[1,1]},"_coverageSchema":"1a1c01bbd47fc00a2c39e90264f33305004495a9","hash":"8b35fa876af883b256183c2a7e7ced81a9a04351"}
,"/Users/MacOS/financial_api/src/controllers/receitas.controller.js": {"path":"/Users/MacOS/financial_api/src/controllers/receitas.controller.js","statementMap":{"0":{"start":{"line":1,"column":17},"end":{"line":1,"column":48}},"1":{"start":{"line":2,"column":25},"end":{"line":2,"column":49}},"2":{"start":{"line":6,"column":8},"end":{"line":21,"column":9}},"3":{"start":{"line":7,"column":12},"end":{"line":16,"column":13}},"4":{"start":{"line":8,"column":16},"end":{"line":15,"column":17}},"5":{"start":{"line":9,"column":42},"end":{"line":9,"column":51}},"6":{"start":{"line":10,"column":37},"end":{"line":10,"column":77}},"7":{"start":{"line":12,"column":20},"end":{"line":12,"column":57}},"8":{"start":{"line":14,"column":20},"end":{"line":14,"column":62}},"9":{"start":{"line":17,"column":29},"end":{"line":17,"column":60}},"10":{"start":{"line":18,"column":12},"end":{"line":18,"column":49}},"11":{"start":{"line":20,"column":12},"end":{"line":20,"column":54}},"12":{"start":{"line":24,"column":8},"end":{"line":29,"column":9}},"13":{"start":{"line":25,"column":28},"end":{"line":25,"column":65}},"14":{"start":{"line":26,"column":12},"end":{"line":26,"column":48}},"15":{"start":{"line":28,"column":12},"end":{"line":28,"column":54}},"16":{"start":{"line":32,"column":8},"end":{"line":38,"column":9}},"17":{"start":{"line":33,"column":23},"end":{"line":33,"column":36}},"18":{"start":{"line":34,"column":34},"end":{"line":34,"column":67}},"19":{"start":{"line":35,"column":12},"end":{"line":35,"column":64}},"20":{"start":{"line":37,"column":12},"end":{"line":37,"column":54}},"21":{"start":{"line":41,"column":8},"end":{"line":47,"column":9}},"22":{"start":{"line":42,"column":23},"end":{"line":42,"column":36}},"23":{"start":{"line":43,"column":31},"end":{"line":43,"column":71}},"24":{"start":{"line":44,"column":12},"end":{"line":44,"column":99}},"25":{"start":{"line":46,"column":12},"end":{"line":46,"column":54}},"26":{"start":{"line":50,"column":8},"end":{"line":56,"column":9}},"27":{"start":{"line":51,"column":27},"end":{"line":51,"column":37}},"28":{"start":{"line":52,"column":28},"end":{"line":52,"column":58}},"29":{"start":{"line":53,"column":12},"end":{"line":53,"column":48}},"30":{"start":{"line":55,"column":12},"end":{"line":55,"column":54}},"31":{"start":{"line":59,"column":8},"end":{"line":65,"column":9}},"32":{"start":{"line":60,"column":36},"end":{"line":60,"column":46}},"33":{"start":{"line":61,"column":29},"end":{"line":61,"column":75}},"34":{"start":{"line":62,"column":12},"end":{"line":62,"column":49}},"35":{"start":{"line":64,"column":12},"end":{"line":64,"column":54}},"36":{"start":{"line":71,"column":0},"end":{"line":71,"column":34}}},"fnMap":{"0":{"name":"(anonymous_0)","decl":{"start":{"line":5,"column":4},"end":{"line":5,"column":5}},"loc":{"start":{"line":5,"column":30},"end":{"line":22,"column":5}},"line":5},"1":{"name":"(anonymous_1)","decl":{"start":{"line":23,"column":4},"end":{"line":23,"column":5}},"loc":{"start":{"line":23,"column":30},"end":{"line":30,"column":5}},"line":23},"2":{"name":"(anonymous_2)","decl":{"start":{"line":31,"column":4},"end":{"line":31,"column":5}},"loc":{"start":{"line":31,"column":32},"end":{"line":39,"column":5}},"line":31},"3":{"name":"(anonymous_3)","decl":{"start":{"line":40,"column":4},"end":{"line":40,"column":5}},"loc":{"start":{"line":40,"column":29},"end":{"line":48,"column":5}},"line":40},"4":{"name":"(anonymous_4)","decl":{"start":{"line":49,"column":4},"end":{"line":49,"column":5}},"loc":{"start":{"line":49,"column":29},"end":{"line":57,"column":5}},"line":49},"5":{"name":"(anonymous_5)","decl":{"start":{"line":58,"column":4},"end":{"line":58,"column":5}},"loc":{"start":{"line":58,"column":37},"end":{"line":66,"column":5}},"line":58}},"branchMap":{"0":{"loc":{"start":{"line":7,"column":12},"end":{"line":16,"column":13}},"type":"if","locations":[{"start":{"line":7,"column":12},"end":{"line":16,"column":13}},{"start":{},"end":{}}],"line":7}},"s":{"0":4,"1":4,"2":1,"3":1,"4":0,"5":0,"6":0,"7":0,"8":0,"9":1,"10":1,"11":0,"12":3,"13":3,"14":3,"15":0,"16":1,"17":1,"18":1,"19":1,"20":0,"21":1,"22":1,"23":1,"24":1,"25":0,"26":2,"27":2,"28":2,"29":2,"30":0,"31":2,"32":2,"33":2,"34":2,"35":0,"36":4},"f":{"0":1,"1":3,"2":1,"3":1,"4":2,"5":2},"b":{"0":[0,1]},"_coverageSchema":"1a1c01bbd47fc00a2c39e90264f33305004495a9","hash":"cf091f2bc916e16b4304dec3d352b3001817d6ed"}
,"/Users/MacOS/financial_api/src/controllers/resumo.controller.js": {"path":"/Users/MacOS/financial_api/src/controllers/resumo.controller.js","statementMap":{"0":{"start":{"line":1,"column":47},"end":{"line":1,"column":69}},"1":{"start":{"line":2,"column":25},"end":{"line":2,"column":47}},"2":{"start":{"line":3,"column":25},"end":{"line":3,"column":47}},"3":{"start":{"line":4,"column":20},"end":{"line":4,"column":40}},"4":{"start":{"line":8,"column":8},"end":{"line":27,"column":9}},"5":{"start":{"line":9,"column":36},"end":{"line":9,"column":46}},"6":{"start":{"line":10,"column":29},"end":{"line":10,"column":75}},"7":{"start":{"line":11,"column":29},"end":{"line":11,"column":75}},"8":{"start":{"line":13,"column":27},"end":{"line":13,"column":40}},"9":{"start":{"line":15,"column":12},"end":{"line":17,"column":14}},"10":{"start":{"line":16,"column":16},"end":{"line":16,"column":54}},"11":{"start":{"line":18,"column":12},"end":{"line":21,"column":14}},"12":{"start":{"line":19,"column":16},"end":{"line":19,"column":54}},"13":{"start":{"line":20,"column":16},"end":{"line":20,"column":48}},"14":{"start":{"line":22,"column":12},"end":{"line":22,"column":72}},"15":{"start":{"line":23,"column":12},"end":{"line":23,"column":41}},"16":{"start":{"line":26,"column":12},"end":{"line":26,"column":47}},"17":{"start":{"line":31,"column":0},"end":{"line":31,"column":33}}},"fnMap":{"0":{"name":"(anonymous_0)","decl":{"start":{"line":7,"column":4},"end":{"line":7,"column":5}},"loc":{"start":{"line":7,"column":39},"end":{"line":28,"column":5}},"line":7},"1":{"name":"(anonymous_1)","decl":{"start":{"line":15,"column":29},"end":{"line":15,"column":30}},"loc":{"start":{"line":15,"column":42},"end":{"line":17,"column":13}},"line":15},"2":{"name":"(anonymous_2)","decl":{"start":{"line":18,"column":29},"end":{"line":18,"column":30}},"loc":{"start":{"line":18,"column":41},"end":{"line":21,"column":13}},"line":18}},"branchMap":{},"s":{"0":4,"1":4,"2":4,"3":4,"4":1,"5":1,"6":1,"7":1,"8":1,"9":1,"10":1,"11":1,"12":2,"13":2,"14":1,"15":1,"16":0,"17":4},"f":{"0":1,"1":1,"2":2},"b":{},"_coverageSchema":"1a1c01bbd47fc00a2c39e90264f33305004495a9","hash":"89d180c82a5283fe5b796f79f79dff88a83c4376"}
,"/Users/MacOS/financial_api/src/controllers/usuarios.controller.js": {"path":"/Users/MacOS/financial_api/src/controllers/usuarios.controller.js","statementMap":{"0":{"start":{"line":1,"column":29},"end":{"line":1,"column":52}},"1":{"start":{"line":2,"column":25},"end":{"line":2,"column":47}},"2":{"start":{"line":3,"column":21},"end":{"line":3,"column":41}},"3":{"start":{"line":4,"column":12},"end":{"line":4,"column":35}},"4":{"start":{"line":5,"column":0},"end":{"line":5,"column":26}},"5":{"start":{"line":9,"column":39},"end":{"line":9,"column":47}},"6":{"start":{"line":10,"column":19},"end":{"line":10,"column":59}},"7":{"start":{"line":12,"column":8},"end":{"line":16,"column":9}},"8":{"start":{"line":13,"column":12},"end":{"line":15,"column":13}},"9":{"start":{"line":14,"column":16},"end":{"line":14,"column":73}},"10":{"start":{"line":17,"column":8},"end":{"line":31,"column":9}},"11":{"start":{"line":18,"column":35},"end":{"line":18,"column":72}},"12":{"start":{"line":19,"column":26},"end":{"line":21,"column":14}},"13":{"start":{"line":23,"column":50},"end":{"line":27,"column":13}},"14":{"start":{"line":28,"column":12},"end":{"line":28,"column":70}},"15":{"start":{"line":30,"column":12},"end":{"line":30,"column":96}},"16":{"start":{"line":35,"column":34},"end":{"line":35,"column":42}},"17":{"start":{"line":36,"column":8},"end":{"line":38,"column":9}},"18":{"start":{"line":37,"column":12},"end":{"line":37,"column":91}},"19":{"start":{"line":39,"column":8},"end":{"line":51,"column":9}},"20":{"start":{"line":40,"column":25},"end":{"line":40,"column":61}},"21":{"start":{"line":41,"column":26},"end":{"line":41,"column":61}},"22":{"start":{"line":42,"column":12},"end":{"line":47,"column":13}},"23":{"start":{"line":43,"column":24},"end":{"line":43,"column":34}},"24":{"start":{"line":44,"column":16},"end":{"line":44,"column":110}},"25":{"start":{"line":46,"column":16},"end":{"line":46,"column":73}},"26":{"start":{"line":50,"column":12},"end":{"line":50,"column":65}},"27":{"start":{"line":57,"column":0},"end":{"line":57,"column":35}}},"fnMap":{"0":{"name":"(anonymous_0)","decl":{"start":{"line":8,"column":4},"end":{"line":8,"column":5}},"loc":{"start":{"line":8,"column":34},"end":{"line":32,"column":5}},"line":8},"1":{"name":"(anonymous_1)","decl":{"start":{"line":34,"column":4},"end":{"line":34,"column":5}},"loc":{"start":{"line":34,"column":31},"end":{"line":54,"column":5}},"line":34}},"branchMap":{"0":{"loc":{"start":{"line":13,"column":12},"end":{"line":15,"column":13}},"type":"if","locations":[{"start":{"line":13,"column":12},"end":{"line":15,"column":13}},{"start":{},"end":{}}],"line":13},"1":{"loc":{"start":{"line":36,"column":8},"end":{"line":38,"column":9}},"type":"if","locations":[{"start":{"line":36,"column":8},"end":{"line":38,"column":9}},{"start":{},"end":{}}],"line":36},"2":{"loc":{"start":{"line":36,"column":13},"end":{"line":36,"column":30}},"type":"binary-expr","locations":[{"start":{"line":36,"column":13},"end":{"line":36,"column":18}},{"start":{"line":36,"column":22},"end":{"line":36,"column":30}}],"line":36},"3":{"loc":{"start":{"line":42,"column":12},"end":{"line":47,"column":13}},"type":"if","locations":[{"start":{"line":42,"column":12},"end":{"line":47,"column":13}},{"start":{"line":45,"column":17},"end":{"line":47,"column":13}}],"line":42},"4":{"loc":{"start":{"line":42,"column":15},"end":{"line":42,"column":28}},"type":"binary-expr","locations":[{"start":{"line":42,"column":15},"end":{"line":42,"column":19}},{"start":{"line":42,"column":23},"end":{"line":42,"column":28}}],"line":42}},"s":{"0":5,"1":5,"2":5,"3":5,"4":5,"5":1,"6":1,"7":1,"8":3,"9":0,"10":1,"11":1,"12":1,"13":1,"14":1,"15":0,"16":1,"17":1,"18":0,"19":1,"20":1,"21":0,"22":0,"23":0,"24":0,"25":0,"26":1,"27":5},"f":{"0":1,"1":1},"b":{"0":[0,3],"1":[0,1],"2":[1,1],"3":[0,0],"4":[0,0]},"_coverageSchema":"1a1c01bbd47fc00a2c39e90264f33305004495a9","hash":"06d46050a0cdb29506e605811e5dc703e7f19e2b"}
,"/Users/MacOS/financial_api/src/middlewares/index.js": {"path":"/Users/MacOS/financial_api/src/middlewares/index.js","statementMap":{"0":{"start":{"line":1,"column":0},"end":{"line":1,"column":26}},"1":{"start":{"line":5,"column":8},"end":{"line":8,"column":9}},"2":{"start":{"line":6,"column":12},"end":{"line":6,"column":37}},"3":{"start":{"line":7,"column":12},"end":{"line":7,"column":25}},"4":{"start":{"line":9,"column":8},"end":{"line":9,"column":21}},"5":{"start":{"line":12,"column":8},"end":{"line":19,"column":9}},"6":{"start":{"line":13,"column":26},"end":{"line":13,"column":65}},"7":{"start":{"line":14,"column":27},"end":{"line":14,"column":62}},"8":{"start":{"line":15,"column":12},"end":{"line":15,"column":32}},"9":{"start":{"line":16,"column":12},"end":{"line":16,"column":18}},"10":{"start":{"line":18,"column":12},"end":{"line":18,"column":67}},"11":{"start":{"line":26,"column":0},"end":{"line":26,"column":28}}},"fnMap":{"0":{"name":"(anonymous_0)","decl":{"start":{"line":4,"column":4},"end":{"line":4,"column":5}},"loc":{"start":{"line":4,"column":39},"end":{"line":10,"column":5}},"line":4},"1":{"name":"(anonymous_1)","decl":{"start":{"line":11,"column":4},"end":{"line":11,"column":5}},"loc":{"start":{"line":11,"column":45},"end":{"line":21,"column":5}},"line":11}},"branchMap":{"0":{"loc":{"start":{"line":5,"column":8},"end":{"line":8,"column":9}},"type":"if","locations":[{"start":{"line":5,"column":8},"end":{"line":8,"column":9}},{"start":{},"end":{}}],"line":5},"1":{"loc":{"start":{"line":5,"column":11},"end":{"line":5,"column":98}},"type":"binary-expr","locations":[{"start":{"line":5,"column":11},"end":{"line":5,"column":38}},{"start":{"line":5,"column":42},"end":{"line":5,"column":64}},{"start":{"line":5,"column":68},"end":{"line":5,"column":98}}],"line":5}},"s":{"0":4,"1":5,"2":5,"3":5,"4":0,"5":0,"6":0,"7":0,"8":0,"9":0,"10":0,"11":4},"f":{"0":5,"1":0},"b":{"0":[5,0],"1":[5,5,0]},"_coverageSchema":"1a1c01bbd47fc00a2c39e90264f33305004495a9","hash":"1f7e5ade0432a904f24f02433ed395e268087c06"}
,"/Users/MacOS/financial_api/src/models/index.js": {"path":"/Users/MacOS/financial_api/src/models/index.js","statementMap":{"0":{"start":{"line":1,"column":16},"end":{"line":1,"column":44}},"1":{"start":{"line":2,"column":16},"end":{"line":2,"column":41}},"2":{"start":{"line":5,"column":0},"end":{"line":8,"column":1}}},"fnMap":{},"branchMap":{},"s":{"0":6,"1":6,"2":6},"f":{},"b":{},"_coverageSchema":"1a1c01bbd47fc00a2c39e90264f33305004495a9","hash":"2638fe4ae0e71112ad670bc65c4b1ecbed174e61"}
,"/Users/MacOS/financial_api/src/models/summary.js": {"path":"/Users/MacOS/financial_api/src/models/summary.js","statementMap":{"0":{"start":{"line":3,"column":8},"end":{"line":13,"column":22}},"1":{"start":{"line":16,"column":8},"end":{"line":41,"column":9}},"2":{"start":{"line":18,"column":16},"end":{"line":18,"column":46}},"3":{"start":{"line":19,"column":16},"end":{"line":19,"column":22}},"4":{"start":{"line":21,"column":16},"end":{"line":21,"column":40}},"5":{"start":{"line":22,"column":16},"end":{"line":22,"column":22}},"6":{"start":{"line":24,"column":16},"end":{"line":24,"column":42}},"7":{"start":{"line":25,"column":16},"end":{"line":25,"column":22}},"8":{"start":{"line":27,"column":16},"end":{"line":27,"column":45}},"9":{"start":{"line":28,"column":16},"end":{"line":28,"column":22}},"10":{"start":{"line":30,"column":16},"end":{"line":30,"column":43}},"11":{"start":{"line":31,"column":16},"end":{"line":31,"column":22}},"12":{"start":{"line":33,"column":16},"end":{"line":33,"column":40}},"13":{"start":{"line":34,"column":16},"end":{"line":34,"column":22}},"14":{"start":{"line":36,"column":16},"end":{"line":36,"column":46}},"15":{"start":{"line":37,"column":16},"end":{"line":37,"column":22}},"16":{"start":{"line":39,"column":16},"end":{"line":39,"column":41}},"17":{"start":{"line":40,"column":16},"end":{"line":40,"column":22}},"18":{"start":{"line":44,"column":18},"end":{"line":56,"column":9}},"19":{"start":{"line":57,"column":8},"end":{"line":57,"column":16}},"20":{"start":{"line":61,"column":0},"end":{"line":61,"column":24}}},"fnMap":{"0":{"name":"(anonymous_0)","decl":{"start":{"line":2,"column":4},"end":{"line":2,"column":5}},"loc":{"start":{"line":2,"column":17},"end":{"line":14,"column":5}},"line":2},"1":{"name":"(anonymous_1)","decl":{"start":{"line":15,"column":4},"end":{"line":15,"column":5}},"loc":{"start":{"line":15,"column":26},"end":{"line":42,"column":5}},"line":15},"2":{"name":"(anonymous_2)","decl":{"start":{"line":43,"column":4},"end":{"line":43,"column":5}},"loc":{"start":{"line":43,"column":19},"end":{"line":58,"column":5}},"line":43}},"branchMap":{"0":{"loc":{"start":{"line":16,"column":8},"end":{"line":41,"column":9}},"type":"switch","locations":[{"start":{"line":17,"column":12},"end":{"line":19,"column":22}},{"start":{"line":20,"column":12},"end":{"line":22,"column":22}},{"start":{"line":23,"column":12},"end":{"line":25,"column":22}},{"start":{"line":26,"column":12},"end":{"line":28,"column":22}},{"start":{"line":29,"column":12},"end":{"line":31,"column":22}},{"start":{"line":32,"column":12},"end":{"line":34,"column":22}},{"start":{"line":35,"column":12},"end":{"line":37,"column":22}},{"start":{"line":38,"column":12},"end":{"line":40,"column":22}}],"line":16}},"s":{"0":11,"1":74,"2":9,"3":9,"4":9,"5":9,"6":9,"7":9,"8":9,"9":9,"10":9,"11":9,"12":9,"13":9,"14":9,"15":9,"16":11,"17":11,"18":1,"19":1,"20":6},"f":{"0":11,"1":74,"2":1},"b":{"0":[9,9,9,9,9,9,9,11]},"_coverageSchema":"1a1c01bbd47fc00a2c39e90264f33305004495a9","hash":"4201acec0e389fe08f8ce6a12e0949df4f79ded1"}
,"/Users/MacOS/financial_api/src/models/user.js": {"path":"/Users/MacOS/financial_api/src/models/user.js","statementMap":{"0":{"start":{"line":1,"column":15},"end":{"line":1,"column":32}},"1":{"start":{"line":2,"column":12},"end":{"line":2,"column":35}},"2":{"start":{"line":3,"column":0},"end":{"line":3,"column":26}},"3":{"start":{"line":8,"column":8},"end":{"line":10,"column":32}},"4":{"start":{"line":14,"column":29},"end":{"line":14,"column":60}},"5":{"start":{"line":15,"column":8},"end":{"line":15,"column":51}},"6":{"start":{"line":19,"column":33},"end":{"line":19,"column":78}},"7":{"start":{"line":20,"column":8},"end":{"line":24,"column":9}},"8":{"start":{"line":21,"column":24},"end":{"line":21,"column":74}},"9":{"start":{"line":22,"column":12},"end":{"line":22,"column":30}},"10":{"start":{"line":23,"column":12},"end":{"line":23,"column":24}},"11":{"start":{"line":28,"column":0},"end":{"line":28,"column":24}}},"fnMap":{"0":{"name":"(anonymous_0)","decl":{"start":{"line":7,"column":4},"end":{"line":7,"column":5}},"loc":{"start":{"line":7,"column":36},"end":{"line":11,"column":5}},"line":7},"1":{"name":"(anonymous_1)","decl":{"start":{"line":13,"column":4},"end":{"line":13,"column":5}},"loc":{"start":{"line":13,"column":43},"end":{"line":16,"column":5}},"line":13},"2":{"name":"(anonymous_2)","decl":{"start":{"line":18,"column":4},"end":{"line":18,"column":5}},"loc":{"start":{"line":18,"column":39},"end":{"line":25,"column":5}},"line":18}},"branchMap":{"0":{"loc":{"start":{"line":20,"column":8},"end":{"line":24,"column":9}},"type":"if","locations":[{"start":{"line":20,"column":8},"end":{"line":24,"column":9}},{"start":{},"end":{}}],"line":20}},"s":{"0":6,"1":6,"2":6,"3":3,"4":3,"5":3,"6":0,"7":0,"8":0,"9":0,"10":0,"11":6},"f":{"0":3,"1":3,"2":0},"b":{"0":[0,0]},"_coverageSchema":"1a1c01bbd47fc00a2c39e90264f33305004495a9","hash":"2ea2e6370f7da1e5b35345023df04da303aea6f9"}
,"/Users/MacOS/financial_api/src/routes/despesas.route.js": {"path":"/Users/MacOS/financial_api/src/routes/despesas.route.js","statementMap":{"0":{"start":{"line":1,"column":19},"end":{"line":1,"column":37}},"1":{"start":{"line":2,"column":15},"end":{"line":2,"column":23}},"2":{"start":{"line":3,"column":26},"end":{"line":3,"column":71}},"3":{"start":{"line":4,"column":20},"end":{"line":4,"column":46}},"4":{"start":{"line":6,"column":0},"end":{"line":12,"column":64}},"5":{"start":{"line":13,"column":0},"end":{"line":13,"column":23}}},"fnMap":{},"branchMap":{},"s":{"0":4,"1":4,"2":4,"3":4,"4":4,"5":4},"f":{},"b":{},"_coverageSchema":"1a1c01bbd47fc00a2c39e90264f33305004495a9","hash":"c22bda9454a84e6471163119041560e3b6d5aeb5"}
,"/Users/MacOS/financial_api/src/routes/index.js": {"path":"/Users/MacOS/financial_api/src/routes/index.js","statementMap":{"0":{"start":{"line":1,"column":19},"end":{"line":1,"column":41}},"1":{"start":{"line":2,"column":16},"end":{"line":2,"column":43}},"2":{"start":{"line":3,"column":16},"end":{"line":3,"column":43}},"3":{"start":{"line":4,"column":15},"end":{"line":4,"column":48}},"4":{"start":{"line":5,"column":17},"end":{"line":5,"column":52}},"5":{"start":{"line":7,"column":0},"end":{"line":13,"column":1}},"6":{"start":{"line":8,"column":4},"end":{"line":8,"column":30}},"7":{"start":{"line":9,"column":4},"end":{"line":9,"column":20}},"8":{"start":{"line":10,"column":4},"end":{"line":10,"column":20}},"9":{"start":{"line":11,"column":4},"end":{"line":11,"column":19}},"10":{"start":{"line":12,"column":4},"end":{"line":12,"column":21}}},"fnMap":{"0":{"name":"(anonymous_0)","decl":{"start":{"line":7,"column":17},"end":{"line":7,"column":18}},"loc":{"start":{"line":7,"column":24},"end":{"line":13,"column":1}},"line":7}},"branchMap":{},"s":{"0":4,"1":4,"2":4,"3":4,"4":4,"5":4,"6":4,"7":4,"8":4,"9":4,"10":4},"f":{"0":4},"b":{},"_coverageSchema":"1a1c01bbd47fc00a2c39e90264f33305004495a9","hash":"4c60f93eba310aaa07649e4958efe1a19cfe0682"}
,"/Users/MacOS/financial_api/src/routes/receitas.route.js": {"path":"/Users/MacOS/financial_api/src/routes/receitas.route.js","statementMap":{"0":{"start":{"line":1,"column":19},"end":{"line":1,"column":37}},"1":{"start":{"line":2,"column":15},"end":{"line":2,"column":23}},"2":{"start":{"line":3,"column":26},"end":{"line":3,"column":71}},"3":{"start":{"line":5,"column":0},"end":{"line":11,"column":64}},"4":{"start":{"line":13,"column":0},"end":{"line":13,"column":23}}},"fnMap":{},"branchMap":{},"s":{"0":4,"1":4,"2":4,"3":4,"4":4},"f":{},"b":{},"_coverageSchema":"1a1c01bbd47fc00a2c39e90264f33305004495a9","hash":"d1a847c5ed4421c80b6b6408e4c0a3922c964571"}
,"/Users/MacOS/financial_api/src/routes/resumo.route.js": {"path":"/Users/MacOS/financial_api/src/routes/resumo.route.js","statementMap":{"0":{"start":{"line":1,"column":19},"end":{"line":1,"column":37}},"1":{"start":{"line":2,"column":15},"end":{"line":2,"column":23}},"2":{"start":{"line":3,"column":25},"end":{"line":3,"column":68}},"3":{"start":{"line":6,"column":0},"end":{"line":7,"column":63}},"4":{"start":{"line":10,"column":0},"end":{"line":10,"column":23}}},"fnMap":{},"branchMap":{},"s":{"0":4,"1":4,"2":4,"3":4,"4":4},"f":{},"b":{},"_coverageSchema":"1a1c01bbd47fc00a2c39e90264f33305004495a9","hash":"20f32076c6a0a72b8df4f697c13dc3a70da449f4"}
,"/Users/MacOS/financial_api/src/routes/usuarios.route.js": {"path":"/Users/MacOS/financial_api/src/routes/usuarios.route.js","statementMap":{"0":{"start":{"line":1,"column":19},"end":{"line":1,"column":37}},"1":{"start":{"line":2,"column":15},"end":{"line":2,"column":23}},"2":{"start":{"line":3,"column":27},"end":{"line":3,"column":72}},"3":{"start":{"line":5,"column":0},"end":{"line":7,"column":45}},"4":{"start":{"line":10,"column":0},"end":{"line":10,"column":23}}},"fnMap":{},"branchMap":{},"s":{"0":4,"1":4,"2":4,"3":4,"4":4},"f":{},"b":{},"_coverageSchema":"1a1c01bbd47fc00a2c39e90264f33305004495a9","hash":"0925eeb85fec0d0453737131e72054f1e8e4636e"}
,"/Users/MacOS/financial_api/src/services/Despesas.services.js": {"path":"/Users/MacOS/financial_api/src/services/Despesas.services.js","statementMap":{"0":{"start":{"line":1,"column":17},"end":{"line":1,"column":38}},"1":{"start":{"line":2,"column":13},"end":{"line":2,"column":42}},"2":{"start":{"line":6,"column":8},"end":{"line":6,"column":25}},"3":{"start":{"line":9,"column":47},"end":{"line":9,"column":51}},"4":{"start":{"line":10,"column":8},"end":{"line":12,"column":9}},"5":{"start":{"line":11,"column":12},"end":{"line":11,"column":29}},"6":{"start":{"line":13,"column":24},"end":{"line":13,"column":161}},"7":{"start":{"line":14,"column":8},"end":{"line":14,"column":30}},"8":{"start":{"line":18,"column":0},"end":{"line":18,"column":33}}},"fnMap":{"0":{"name":"(anonymous_0)","decl":{"start":{"line":5,"column":4},"end":{"line":5,"column":5}},"loc":{"start":{"line":5,"column":17},"end":{"line":7,"column":5}},"line":5},"1":{"name":"(anonymous_1)","decl":{"start":{"line":8,"column":4},"end":{"line":8,"column":5}},"loc":{"start":{"line":8,"column":22},"end":{"line":15,"column":5}},"line":8}},"branchMap":{"0":{"loc":{"start":{"line":10,"column":8},"end":{"line":12,"column":9}},"type":"if","locations":[{"start":{"line":10,"column":8},"end":{"line":12,"column":9}},{"start":{},"end":{}}],"line":10}},"s":{"0":7,"1":7,"2":12,"3":87,"4":87,"5":0,"6":87,"7":86,"8":7},"f":{"0":12,"1":87},"b":{"0":[0,87]},"_coverageSchema":"1a1c01bbd47fc00a2c39e90264f33305004495a9","hash":"0a6adc469926dc8355debee4314d996fdd35dedb"}
,"/Users/MacOS/financial_api/src/services/Receitas.services.js": {"path":"/Users/MacOS/financial_api/src/services/Receitas.services.js","statementMap":{"0":{"start":{"line":1,"column":17},"end":{"line":1,"column":38}},"1":{"start":{"line":5,"column":8},"end":{"line":5,"column":25}},"2":{"start":{"line":9,"column":0},"end":{"line":9,"column":33}}},"fnMap":{"0":{"name":"(anonymous_0)","decl":{"start":{"line":4,"column":4},"end":{"line":4,"column":5}},"loc":{"start":{"line":4,"column":17},"end":{"line":6,"column":5}},"line":4}},"branchMap":{},"s":{"0":6,"1":7,"2":6},"f":{"0":7},"b":{},"_coverageSchema":"1a1c01bbd47fc00a2c39e90264f33305004495a9","hash":"023fd400cf97cfab96c4b482c8a7065cbced9b17"}
,"/Users/MacOS/financial_api/src/services/Services.js": {"path":"/Users/MacOS/financial_api/src/services/Services.js","statementMap":{"0":{"start":{"line":1,"column":13},"end":{"line":1,"column":42}},"1":{"start":{"line":5,"column":8},"end":{"line":5,"column":26}},"2":{"start":{"line":8,"column":21},"end":{"line":8,"column":68}},"3":{"start":{"line":9,"column":8},"end":{"line":9,"column":24}},"4":{"start":{"line":12,"column":35},"end":{"line":12,"column":39}},"5":{"start":{"line":13,"column":24},"end":{"line":13,"column":131}},"6":{"start":{"line":14,"column":8},"end":{"line":14,"column":30}},"7":{"start":{"line":17,"column":8},"end":{"line":17,"column":70}},"8":{"start":{"line":18,"column":8},"end":{"line":18,"column":57}},"9":{"start":{"line":21,"column":35},"end":{"line":21,"column":39}},"10":{"start":{"line":22,"column":28},"end":{"line":22,"column":146}},"11":{"start":{"line":23,"column":8},"end":{"line":23,"column":34}},"12":{"start":{"line":26,"column":21},"end":{"line":26,"column":85}},"13":{"start":{"line":27,"column":8},"end":{"line":27,"column":36}},"14":{"start":{"line":27,"column":26},"end":{"line":27,"column":36}},"15":{"start":{"line":28,"column":8},"end":{"line":28,"column":27}},"16":{"start":{"line":31,"column":21},"end":{"line":31,"column":102}},"17":{"start":{"line":32,"column":8},"end":{"line":32,"column":24}},"18":{"start":{"line":35,"column":21},"end":{"line":35,"column":128}},"19":{"start":{"line":36,"column":8},"end":{"line":36,"column":24}},"20":{"start":{"line":39,"column":8},"end":{"line":39,"column":53}},"21":{"start":{"line":43,"column":0},"end":{"line":43,"column":26}}},"fnMap":{"0":{"name":"(anonymous_0)","decl":{"start":{"line":4,"column":4},"end":{"line":4,"column":5}},"loc":{"start":{"line":4,"column":22},"end":{"line":6,"column":5}},"line":4},"1":{"name":"(anonymous_1)","decl":{"start":{"line":7,"column":4},"end":{"line":7,"column":5}},"loc":{"start":{"line":7,"column":18},"end":{"line":10,"column":5}},"line":7},"2":{"name":"(anonymous_2)","decl":{"start":{"line":11,"column":4},"end":{"line":11,"column":5}},"loc":{"start":{"line":11,"column":20},"end":{"line":15,"column":5}},"line":11},"3":{"name":"(anonymous_3)","decl":{"start":{"line":16,"column":4},"end":{"line":16,"column":5}},"loc":{"start":{"line":16,"column":20},"end":{"line":19,"column":5}},"line":16},"4":{"name":"(anonymous_4)","decl":{"start":{"line":20,"column":4},"end":{"line":20,"column":5}},"loc":{"start":{"line":20,"column":22},"end":{"line":24,"column":5}},"line":20},"5":{"name":"(anonymous_5)","decl":{"start":{"line":25,"column":4},"end":{"line":25,"column":5}},"loc":{"start":{"line":25,"column":17},"end":{"line":29,"column":5}},"line":25},"6":{"name":"(anonymous_6)","decl":{"start":{"line":30,"column":4},"end":{"line":30,"column":5}},"loc":{"start":{"line":30,"column":23},"end":{"line":33,"column":5}},"line":30},"7":{"name":"(anonymous_7)","decl":{"start":{"line":34,"column":4},"end":{"line":34,"column":5}},"loc":{"start":{"line":34,"column":33},"end":{"line":37,"column":5}},"line":34},"8":{"name":"(anonymous_8)","decl":{"start":{"line":38,"column":4},"end":{"line":38,"column":5}},"loc":{"start":{"line":38,"column":19},"end":{"line":40,"column":5}},"line":38}},"branchMap":{"0":{"loc":{"start":{"line":27,"column":8},"end":{"line":27,"column":36}},"type":"if","locations":[{"start":{"line":27,"column":8},"end":{"line":27,"column":36}},{"start":{},"end":{}}],"line":27}},"s":{"0":8,"1":29,"2":6,"3":6,"4":6,"5":6,"6":6,"7":4,"8":4,"9":4,"10":4,"11":4,"12":6,"13":6,"14":2,"15":4,"16":3,"17":3,"18":17,"19":17,"20":18,"21":8},"f":{"0":29,"1":6,"2":6,"3":4,"4":4,"5":6,"6":3,"7":17,"8":18},"b":{"0":[2,4]},"_coverageSchema":"1a1c01bbd47fc00a2c39e90264f33305004495a9","hash":"945e0da29c6df042093088ae0cec937c7cf251ce"}
,"/Users/MacOS/financial_api/src/services/Usuarios.services.js": {"path":"/Users/MacOS/financial_api/src/services/Usuarios.services.js","statementMap":{"0":{"start":{"line":1,"column":17},"end":{"line":1,"column":38}},"1":{"start":{"line":2,"column":13},"end":{"line":2,"column":42}},"2":{"start":{"line":6,"column":8},"end":{"line":6,"column":25}},"3":{"start":{"line":9,"column":40},"end":{"line":9,"column":44}},"4":{"start":{"line":11,"column":8},"end":{"line":20,"column":9}},"5":{"start":{"line":12,"column":28},"end":{"line":12,"column":155}},"6":{"start":{"line":14,"column":12},"end":{"line":14,"column":34}},"7":{"start":{"line":16,"column":12},"end":{"line":18,"column":13}},"8":{"start":{"line":17,"column":16},"end":{"line":17,"column":55}},"9":{"start":{"line":19,"column":12},"end":{"line":19,"column":32}},"10":{"start":{"line":25,"column":21},"end":{"line":25,"column":93}},"11":{"start":{"line":26,"column":8},"end":{"line":26,"column":67}},"12":{"start":{"line":26,"column":26},"end":{"line":26,"column":67}},"13":{"start":{"line":27,"column":8},"end":{"line":27,"column":28}},"14":{"start":{"line":31,"column":0},"end":{"line":31,"column":33}}},"fnMap":{"0":{"name":"(anonymous_0)","decl":{"start":{"line":5,"column":4},"end":{"line":5,"column":5}},"loc":{"start":{"line":5,"column":17},"end":{"line":7,"column":5}},"line":5},"1":{"name":"(anonymous_1)","decl":{"start":{"line":8,"column":4},"end":{"line":8,"column":5}},"loc":{"start":{"line":8,"column":24},"end":{"line":23,"column":5}},"line":8},"2":{"name":"(anonymous_2)","decl":{"start":{"line":24,"column":4},"end":{"line":24,"column":5}},"loc":{"start":{"line":24,"column":23},"end":{"line":28,"column":5}},"line":24}},"branchMap":{"0":{"loc":{"start":{"line":16,"column":12},"end":{"line":18,"column":13}},"type":"if","locations":[{"start":{"line":16,"column":12},"end":{"line":18,"column":13}},{"start":{},"end":{}}],"line":16},"1":{"loc":{"start":{"line":26,"column":8},"end":{"line":26,"column":67}},"type":"if","locations":[{"start":{"line":26,"column":8},"end":{"line":26,"column":67}},{"start":{},"end":{}}],"line":26}},"s":{"0":5,"1":5,"2":6,"3":2,"4":2,"5":2,"6":2,"7":0,"8":0,"9":0,"10":1,"11":1,"12":1,"13":0,"14":5},"f":{"0":6,"1":2,"2":1},"b":{"0":[0,0],"1":[1,0]},"_coverageSchema":"1a1c01bbd47fc00a2c39e90264f33305004495a9","hash":"587245ccad7289f04ad5a882678bb7d2575a9c24"}
,"/Users/MacOS/financial_api/src/services/index.js": {"path":"/Users/MacOS/financial_api/src/services/index.js","statementMap":{"0":{"start":{"line":1,"column":25},"end":{"line":1,"column":55}},"1":{"start":{"line":2,"column":25},"end":{"line":2,"column":55}},"2":{"start":{"line":3,"column":25},"end":{"line":3,"column":55}},"3":{"start":{"line":5,"column":0},"end":{"line":9,"column":1}}},"fnMap":{},"branchMap":{},"s":{"0":5,"1":5,"2":5,"3":5},"f":{},"b":{},"_coverageSchema":"1a1c01bbd47fc00a2c39e90264f33305004495a9","hash":"63eac49025b0f60ca6e7f6de29570d2f8ee72329"}
}
