{"/Users/MacOS/financial_api/src/config/database.js": {"path":"/Users/MacOS/financial_api/src/config/database.js","statementMap":{"0":{"start":{"line":1,"column":13},"end":{"line":1,"column":31}},"1":{"start":{"line":3,"column":13},"end":{"line":9,"column":2}},"2":{"start":{"line":11,"column":0},"end":{"line":11,"column":22}}},"fnMap":{},"branchMap":{},"s":{"0":3,"1":3,"2":3},"f":{},"b":{},"_coverageSchema":"1a1c01bbd47fc00a2c39e90264f33305004495a9","hash":"65d887a9d5e3e82b46e880e3a77916f5b09aa017"}
,"/Users/MacOS/financial_api/src/models/index.js": {"path":"/Users/MacOS/financial_api/src/models/index.js","statementMap":{"0":{"start":{"line":1,"column":16},"end":{"line":1,"column":44}},"1":{"start":{"line":3,"column":0},"end":{"line":5,"column":1}}},"fnMap":{},"branchMap":{},"s":{"0":1,"1":1},"f":{},"b":{},"_coverageSchema":"1a1c01bbd47fc00a2c39e90264f33305004495a9","hash":"1fe0efa039cc1351039424fea17d4992eb4cab3e"}
,"/Users/MacOS/financial_api/src/models/summary.js": {"path":"/Users/MacOS/financial_api/src/models/summary.js","statementMap":{"0":{"start":{"line":3,"column":8},"end":{"line":13,"column":22}},"1":{"start":{"line":16,"column":8},"end":{"line":41,"column":9}},"2":{"start":{"line":18,"column":16},"end":{"line":18,"column":46}},"3":{"start":{"line":19,"column":16},"end":{"line":19,"column":22}},"4":{"start":{"line":21,"column":16},"end":{"line":21,"column":40}},"5":{"start":{"line":22,"column":16},"end":{"line":22,"column":22}},"6":{"start":{"line":24,"column":16},"end":{"line":24,"column":42}},"7":{"start":{"line":25,"column":16},"end":{"line":25,"column":22}},"8":{"start":{"line":27,"column":16},"end":{"line":27,"column":45}},"9":{"start":{"line":28,"column":16},"end":{"line":28,"column":22}},"10":{"start":{"line":30,"column":16},"end":{"line":30,"column":43}},"11":{"start":{"line":31,"column":16},"end":{"line":31,"column":22}},"12":{"start":{"line":33,"column":16},"end":{"line":33,"column":40}},"13":{"start":{"line":34,"column":16},"end":{"line":34,"column":22}},"14":{"start":{"line":36,"column":16},"end":{"line":36,"column":46}},"15":{"start":{"line":37,"column":16},"end":{"line":37,"column":22}},"16":{"start":{"line":39,"column":16},"end":{"line":39,"column":41}},"17":{"start":{"line":40,"column":16},"end":{"line":40,"column":22}},"18":{"start":{"line":44,"column":18},"end":{"line":56,"column":9}},"19":{"start":{"line":57,"column":8},"end":{"line":57,"column":16}},"20":{"start":{"line":61,"column":0},"end":{"line":61,"column":24}}},"fnMap":{"0":{"name":"(anonymous_0)","decl":{"start":{"line":2,"column":4},"end":{"line":2,"column":5}},"loc":{"start":{"line":2,"column":17},"end":{"line":14,"column":5}},"line":2},"1":{"name":"(anonymous_1)","decl":{"start":{"line":15,"column":4},"end":{"line":15,"column":5}},"loc":{"start":{"line":15,"column":26},"end":{"line":42,"column":5}},"line":15},"2":{"name":"(anonymous_2)","decl":{"start":{"line":43,"column":4},"end":{"line":43,"column":5}},"loc":{"start":{"line":43,"column":19},"end":{"line":58,"column":5}},"line":43}},"branchMap":{"0":{"loc":{"start":{"line":16,"column":8},"end":{"line":41,"column":9}},"type":"switch","locations":[{"start":{"line":17,"column":12},"end":{"line":19,"column":22}},{"start":{"line":20,"column":12},"end":{"line":22,"column":22}},{"start":{"line":23,"column":12},"end":{"line":25,"column":22}},{"start":{"line":26,"column":12},"end":{"line":28,"column":22}},{"start":{"line":29,"column":12},"end":{"line":31,"column":22}},{"start":{"line":32,"column":12},"end":{"line":34,"column":22}},{"start":{"line":35,"column":12},"end":{"line":37,"column":22}},{"start":{"line":38,"column":12},"end":{"line":40,"column":22}}],"line":16}},"s":{"0":10,"1":72,"2":9,"3":9,"4":9,"5":9,"6":9,"7":9,"8":9,"9":9,"10":9,"11":9,"12":9,"13":9,"14":9,"15":9,"16":9,"17":9,"18":1,"19":1,"20":1},"f":{"0":10,"1":72,"2":1},"b":{"0":[9,9,9,9,9,9,9,9]},"_coverageSchema":"1a1c01bbd47fc00a2c39e90264f33305004495a9","hash":"4201acec0e389fe08f8ce6a12e0949df4f79ded1"}
,"/Users/MacOS/financial_api/src/services/Despesas.services.js": {"path":"/Users/MacOS/financial_api/src/services/Despesas.services.js","statementMap":{"0":{"start":{"line":1,"column":17},"end":{"line":1,"column":38}},"1":{"start":{"line":2,"column":13},"end":{"line":2,"column":42}},"2":{"start":{"line":6,"column":8},"end":{"line":6,"column":25}},"3":{"start":{"line":9,"column":49},"end":{"line":9,"column":53}},"4":{"start":{"line":10,"column":24},"end":{"line":10,"column":161}},"5":{"start":{"line":11,"column":8},"end":{"line":11,"column":30}},"6":{"start":{"line":15,"column":0},"end":{"line":15,"column":33}}},"fnMap":{"0":{"name":"(anonymous_0)","decl":{"start":{"line":5,"column":4},"end":{"line":5,"column":5}},"loc":{"start":{"line":5,"column":17},"end":{"line":7,"column":5}},"line":5},"1":{"name":"(anonymous_1)","decl":{"start":{"line":8,"column":4},"end":{"line":8,"column":5}},"loc":{"start":{"line":8,"column":22},"end":{"line":12,"column":5}},"line":8}},"branchMap":{},"s":{"0":2,"1":2,"2":2,"3":11,"4":11,"5":11,"6":2},"f":{"0":2,"1":11},"b":{},"_coverageSchema":"1a1c01bbd47fc00a2c39e90264f33305004495a9","hash":"6aef67554515f2513fdb496b81c99168e4e7590c"}
,"/Users/MacOS/financial_api/src/services/Receitas.services.js": {"path":"/Users/MacOS/financial_api/src/services/Receitas.services.js","statementMap":{"0":{"start":{"line":1,"column":17},"end":{"line":1,"column":38}},"1":{"start":{"line":5,"column":8},"end":{"line":5,"column":25}},"2":{"start":{"line":9,"column":0},"end":{"line":9,"column":33}}},"fnMap":{"0":{"name":"(anonymous_0)","decl":{"start":{"line":4,"column":4},"end":{"line":4,"column":5}},"loc":{"start":{"line":4,"column":17},"end":{"line":6,"column":5}},"line":4}},"branchMap":{},"s":{"0":1,"1":1,"2":1},"f":{"0":1},"b":{},"_coverageSchema":"1a1c01bbd47fc00a2c39e90264f33305004495a9","hash":"023fd400cf97cfab96c4b482c8a7065cbced9b17"}
,"/Users/MacOS/financial_api/src/services/Services.js": {"path":"/Users/MacOS/financial_api/src/services/Services.js","statementMap":{"0":{"start":{"line":1,"column":13},"end":{"line":1,"column":42}},"1":{"start":{"line":5,"column":8},"end":{"line":5,"column":26}},"2":{"start":{"line":8,"column":21},"end":{"line":8,"column":68}},"3":{"start":{"line":9,"column":8},"end":{"line":9,"column":24}},"4":{"start":{"line":12,"column":35},"end":{"line":12,"column":39}},"5":{"start":{"line":13,"column":24},"end":{"line":13,"column":131}},"6":{"start":{"line":14,"column":8},"end":{"line":14,"column":30}},"7":{"start":{"line":17,"column":8},"end":{"line":17,"column":70}},"8":{"start":{"line":18,"column":8},"end":{"line":18,"column":57}},"9":{"start":{"line":21,"column":35},"end":{"line":21,"column":39}},"10":{"start":{"line":22,"column":28},"end":{"line":22,"column":146}},"11":{"start":{"line":23,"column":8},"end":{"line":23,"column":34}},"12":{"start":{"line":26,"column":21},"end":{"line":26,"column":85}},"13":{"start":{"line":27,"column":8},"end":{"line":27,"column":27}},"14":{"start":{"line":30,"column":21},"end":{"line":30,"column":102}},"15":{"start":{"line":31,"column":8},"end":{"line":31,"column":24}},"16":{"start":{"line":34,"column":21},"end":{"line":34,"column":128}},"17":{"start":{"line":35,"column":8},"end":{"line":35,"column":24}},"18":{"start":{"line":38,"column":8},"end":{"line":38,"column":53}},"19":{"start":{"line":42,"column":0},"end":{"line":42,"column":26}}},"fnMap":{"0":{"name":"(anonymous_0)","decl":{"start":{"line":4,"column":4},"end":{"line":4,"column":5}},"loc":{"start":{"line":4,"column":22},"end":{"line":6,"column":5}},"line":4},"1":{"name":"(anonymous_1)","decl":{"start":{"line":7,"column":4},"end":{"line":7,"column":5}},"loc":{"start":{"line":7,"column":18},"end":{"line":10,"column":5}},"line":7},"2":{"name":"(anonymous_2)","decl":{"start":{"line":11,"column":4},"end":{"line":11,"column":5}},"loc":{"start":{"line":11,"column":20},"end":{"line":15,"column":5}},"line":11},"3":{"name":"(anonymous_3)","decl":{"start":{"line":16,"column":4},"end":{"line":16,"column":5}},"loc":{"start":{"line":16,"column":20},"end":{"line":19,"column":5}},"line":16},"4":{"name":"(anonymous_4)","decl":{"start":{"line":20,"column":4},"end":{"line":20,"column":5}},"loc":{"start":{"line":20,"column":22},"end":{"line":24,"column":5}},"line":20},"5":{"name":"(anonymous_5)","decl":{"start":{"line":25,"column":4},"end":{"line":25,"column":5}},"loc":{"start":{"line":25,"column":17},"end":{"line":28,"column":5}},"line":25},"6":{"name":"(anonymous_6)","decl":{"start":{"line":29,"column":4},"end":{"line":29,"column":5}},"loc":{"start":{"line":29,"column":23},"end":{"line":32,"column":5}},"line":29},"7":{"name":"(anonymous_7)","decl":{"start":{"line":33,"column":4},"end":{"line":33,"column":5}},"loc":{"start":{"line":33,"column":33},"end":{"line":36,"column":5}},"line":33},"8":{"name":"(anonymous_8)","decl":{"start":{"line":37,"column":4},"end":{"line":37,"column":5}},"loc":{"start":{"line":37,"column":19},"end":{"line":39,"column":5}},"line":37}},"branchMap":{},"s":{"0":3,"1":3,"2":4,"3":4,"4":3,"5":3,"6":3,"7":2,"8":2,"9":2,"10":2,"11":2,"12":2,"13":2,"14":2,"15":2,"16":11,"17":11,"18":3,"19":3},"f":{"0":3,"1":4,"2":3,"3":2,"4":2,"5":2,"6":2,"7":11,"8":3},"b":{},"_coverageSchema":"1a1c01bbd47fc00a2c39e90264f33305004495a9","hash":"8395eed9d3aceb83554ce2add4d9746d9ab6b7b6"}
}
