TN:
SF:src/config/database.js
FNF:0
FNH:0
DA:1,3
DA:3,3
DA:11,3
LF:3
LH:3
BRF:0
BRH:0
end_of_record
TN:
SF:src/models/index.js
FNF:0
FNH:0
DA:1,1
DA:3,1
LF:2
LH:2
BRF:0
BRH:0
end_of_record
TN:
SF:src/models/summary.js
FN:2,(anonymous_0)
FN:15,(anonymous_1)
FN:43,(anonymous_2)
FNF:3
FNH:3
FNDA:10,(anonymous_0)
FNDA:72,(anonymous_1)
FNDA:1,(anonymous_2)
DA:3,10
DA:16,72
DA:18,9
DA:19,9
DA:21,9
DA:22,9
DA:24,9
DA:25,9
DA:27,9
DA:28,9
DA:30,9
DA:31,9
DA:33,9
DA:34,9
DA:36,9
DA:37,9
DA:39,9
DA:40,9
DA:44,1
DA:57,1
DA:61,1
LF:21
LH:21
BRDA:16,0,0,9
BRDA:16,0,1,9
BRDA:16,0,2,9
BRDA:16,0,3,9
BRDA:16,0,4,9
BRDA:16,0,5,9
BRDA:16,0,6,9
BRDA:16,0,7,9
BRF:8
BRH:8
end_of_record
TN:
SF:src/services/Despesas.services.js
FN:5,(anonymous_0)
FN:8,(anonymous_1)
FNF:2
FNH:2
FNDA:2,(anonymous_0)
FNDA:11,(anonymous_1)
DA:1,2
DA:2,2
DA:6,2
DA:9,11
DA:10,11
DA:11,11
DA:15,2
LF:7
LH:7
BRF:0
BRH:0
end_of_record
TN:
SF:src/services/Receitas.services.js
FN:4,(anonymous_0)
FNF:1
FNH:1
FNDA:1,(anonymous_0)
DA:1,1
DA:5,1
DA:9,1
LF:3
LH:3
BRF:0
BRH:0
end_of_record
TN:
SF:src/services/Services.js
FN:4,(anonymous_0)
FN:7,(anonymous_1)
FN:11,(anonymous_2)
FN:16,(anonymous_3)
FN:20,(anonymous_4)
FN:25,(anonymous_5)
FN:29,(anonymous_6)
FN:33,(anonymous_7)
FN:37,(anonymous_8)
FNF:9
FNH:9
FNDA:3,(anonymous_0)
FNDA:4,(anonymous_1)
FNDA:3,(anonymous_2)
FNDA:2,(anonymous_3)
FNDA:2,(anonymous_4)
FNDA:2,(anonymous_5)
FNDA:2,(anonymous_6)
FNDA:11,(anonymous_7)
FNDA:3,(anonymous_8)
DA:1,3
DA:5,3
DA:8,4
DA:9,4
DA:12,3
DA:13,3
DA:14,3
DA:17,2
DA:18,2
DA:21,2
DA:22,2
DA:23,2
DA:26,2
DA:27,2
DA:30,2
DA:31,2
DA:34,11
DA:35,11
DA:38,3
DA:42,3
LF:20
LH:20
BRF:0
BRH:0
end_of_record
