TN:
SF:src/index.js
FNF:0
FNH:0
DA:3,4
DA:4,4
DA:5,4
DA:6,4
DA:9,4
DA:10,4
DA:11,4
DA:13,4
LF:8
LH:8
BRF:0
BRH:0
end_of_record
TN:
SF:src/config/database.js
FNF:0
FNH:0
DA:1,8
DA:3,8
DA:11,8
LF:3
LH:3
BRF:0
BRH:0
end_of_record
TN:
SF:src/controllers/despesas.controller.js
FN:5,(anonymous_0)
FN:23,(anonymous_1)
FN:31,(anonymous_2)
FN:40,(anonymous_3)
FN:49,(anonymous_4)
FN:58,(anonymous_5)
FNF:6
FNH:6
FNDA:2,(anonymous_0)
FNDA:4,(anonymous_1)
FNDA:1,(anonymous_2)
FNDA:1,(anonymous_3)
FNDA:2,(anonymous_4)
FNDA:2,(anonymous_5)
DA:1,4
DA:2,4
DA:6,2
DA:7,2
DA:8,1
DA:9,1
DA:10,1
DA:12,1
DA:14,0
DA:17,1
DA:18,1
DA:20,0
DA:24,4
DA:25,4
DA:26,3
DA:28,1
DA:32,1
DA:33,1
DA:34,1
DA:35,1
DA:37,0
DA:41,1
DA:42,1
DA:43,1
DA:44,1
DA:46,0
DA:50,2
DA:51,2
DA:52,2
DA:53,2
DA:55,0
DA:59,2
DA:60,2
DA:61,2
DA:62,2
DA:64,0
DA:69,4
LF:37
LH:31
BRDA:7,0,0,1
BRDA:7,0,1,1
BRF:2
BRH:2
end_of_record
TN:
SF:src/controllers/receitas.controller.js
FN:5,(anonymous_0)
FN:23,(anonymous_1)
FN:31,(anonymous_2)
FN:40,(anonymous_3)
FN:49,(anonymous_4)
FN:58,(anonymous_5)
FNF:6
FNH:6
FNDA:1,(anonymous_0)
FNDA:3,(anonymous_1)
FNDA:1,(anonymous_2)
FNDA:1,(anonymous_3)
FNDA:2,(anonymous_4)
FNDA:2,(anonymous_5)
DA:1,4
DA:2,4
DA:6,1
DA:7,1
DA:8,0
DA:9,0
DA:10,0
DA:12,0
DA:14,0
DA:17,1
DA:18,1
DA:20,0
DA:24,3
DA:25,3
DA:26,3
DA:28,0
DA:32,1
DA:33,1
DA:34,1
DA:35,1
DA:37,0
DA:41,1
DA:42,1
DA:43,1
DA:44,1
DA:46,0
DA:50,2
DA:51,2
DA:52,2
DA:53,2
DA:55,0
DA:59,2
DA:60,2
DA:61,2
DA:62,2
DA:64,0
DA:71,4
LF:37
LH:26
BRDA:7,0,0,0
BRDA:7,0,1,1
BRF:2
BRH:1
end_of_record
TN:
SF:src/controllers/resumo.controller.js
FN:7,(anonymous_0)
FN:15,(anonymous_1)
FN:18,(anonymous_2)
FNF:3
FNH:3
FNDA:1,(anonymous_0)
FNDA:1,(anonymous_1)
FNDA:2,(anonymous_2)
DA:1,4
DA:2,4
DA:3,4
DA:4,4
DA:8,1
DA:9,1
DA:10,1
DA:11,1
DA:13,1
DA:15,1
DA:16,1
DA:18,1
DA:19,2
DA:20,2
DA:22,1
DA:23,1
DA:26,0
DA:31,4
LF:18
LH:17
BRF:0
BRH:0
end_of_record
TN:
SF:src/controllers/usuarios.controller.js
FN:8,(anonymous_0)
FN:34,(anonymous_1)
FNF:2
FNH:2
FNDA:1,(anonymous_0)
FNDA:1,(anonymous_1)
DA:1,5
DA:2,5
DA:3,5
DA:4,5
DA:5,5
DA:9,1
DA:10,1
DA:12,1
DA:13,3
DA:14,0
DA:17,1
DA:18,1
DA:19,1
DA:23,1
DA:28,1
DA:30,0
DA:35,1
DA:36,1
DA:37,0
DA:39,1
DA:40,1
DA:41,0
DA:42,0
DA:43,0
DA:44,0
DA:46,0
DA:50,1
DA:57,5
LF:28
LH:20
BRDA:13,0,0,0
BRDA:13,0,1,3
BRDA:36,1,0,0
BRDA:36,1,1,1
BRDA:36,2,0,1
BRDA:36,2,1,1
BRDA:42,3,0,0
BRDA:42,3,1,0
BRDA:42,4,0,0
BRDA:42,4,1,0
BRF:10
BRH:4
end_of_record
TN:
SF:src/middlewares/index.js
FN:4,(anonymous_0)
FN:11,(anonymous_1)
FNF:2
FNH:1
FNDA:5,(anonymous_0)
FNDA:0,(anonymous_1)
DA:1,4
DA:5,5
DA:6,5
DA:7,5
DA:9,0
DA:12,0
DA:13,0
DA:14,0
DA:15,0
DA:16,0
DA:18,0
DA:26,4
LF:12
LH:5
BRDA:5,0,0,5
BRDA:5,0,1,0
BRDA:5,1,0,5
BRDA:5,1,1,5
BRDA:5,1,2,0
BRF:5
BRH:3
end_of_record
TN:
SF:src/models/index.js
FNF:0
FNH:0
DA:1,6
DA:2,6
DA:5,6
LF:3
LH:3
BRF:0
BRH:0
end_of_record
TN:
SF:src/models/summary.js
FN:2,(anonymous_0)
FN:15,(anonymous_1)
FN:43,(anonymous_2)
FNF:3
FNH:3
FNDA:11,(anonymous_0)
FNDA:74,(anonymous_1)
FNDA:1,(anonymous_2)
DA:3,11
DA:16,74
DA:18,9
DA:19,9
DA:21,9
DA:22,9
DA:24,9
DA:25,9
DA:27,9
DA:28,9
DA:30,9
DA:31,9
DA:33,9
DA:34,9
DA:36,9
DA:37,9
DA:39,11
DA:40,11
DA:44,1
DA:57,1
DA:61,6
LF:21
LH:21
BRDA:16,0,0,9
BRDA:16,0,1,9
BRDA:16,0,2,9
BRDA:16,0,3,9
BRDA:16,0,4,9
BRDA:16,0,5,9
BRDA:16,0,6,9
BRDA:16,0,7,11
BRF:8
BRH:8
end_of_record
TN:
SF:src/models/user.js
FN:7,(anonymous_0)
FN:13,(anonymous_1)
FN:18,(anonymous_2)
FNF:3
FNH:2
FNDA:3,(anonymous_0)
FNDA:3,(anonymous_1)
FNDA:0,(anonymous_2)
DA:1,6
DA:2,6
DA:3,6
DA:8,3
DA:14,3
DA:15,3
DA:19,0
DA:20,0
DA:21,0
DA:22,0
DA:23,0
DA:28,6
LF:12
LH:7
BRDA:20,0,0,0
BRDA:20,0,1,0
BRF:2
BRH:0
end_of_record
TN:
SF:src/routes/despesas.route.js
FNF:0
FNH:0
DA:1,4
DA:2,4
DA:3,4
DA:4,4
DA:6,4
DA:13,4
LF:6
LH:6
BRF:0
BRH:0
end_of_record
TN:
SF:src/routes/index.js
FN:7,(anonymous_0)
FNF:1
FNH:1
FNDA:4,(anonymous_0)
DA:1,4
DA:2,4
DA:3,4
DA:4,4
DA:5,4
DA:7,4
DA:8,4
DA:9,4
DA:10,4
DA:11,4
DA:12,4
LF:11
LH:11
BRF:0
BRH:0
end_of_record
TN:
SF:src/routes/receitas.route.js
FNF:0
FNH:0
DA:1,4
DA:2,4
DA:3,4
DA:5,4
DA:13,4
LF:5
LH:5
BRF:0
BRH:0
end_of_record
TN:
SF:src/routes/resumo.route.js
FNF:0
FNH:0
DA:1,4
DA:2,4
DA:3,4
DA:6,4
DA:10,4
LF:5
LH:5
BRF:0
BRH:0
end_of_record
TN:
SF:src/routes/usuarios.route.js
FNF:0
FNH:0
DA:1,4
DA:2,4
DA:3,4
DA:5,4
DA:10,4
LF:5
LH:5
BRF:0
BRH:0
end_of_record
TN:
SF:src/services/Despesas.services.js
FN:5,(anonymous_0)
FN:8,(anonymous_1)
FNF:2
FNH:2
FNDA:12,(anonymous_0)
FNDA:87,(anonymous_1)
DA:1,7
DA:2,7
DA:6,12
DA:9,87
DA:10,87
DA:11,0
DA:13,87
DA:14,86
DA:18,7
LF:9
LH:8
BRDA:10,0,0,0
BRDA:10,0,1,87
BRF:2
BRH:1
end_of_record
TN:
SF:src/services/Receitas.services.js
FN:4,(anonymous_0)
FNF:1
FNH:1
FNDA:7,(anonymous_0)
DA:1,6
DA:5,7
DA:9,6
LF:3
LH:3
BRF:0
BRH:0
end_of_record
TN:
SF:src/services/Services.js
FN:4,(anonymous_0)
FN:7,(anonymous_1)
FN:11,(anonymous_2)
FN:16,(anonymous_3)
FN:20,(anonymous_4)
FN:25,(anonymous_5)
FN:30,(anonymous_6)
FN:34,(anonymous_7)
FN:38,(anonymous_8)
FNF:9
FNH:9
FNDA:29,(anonymous_0)
FNDA:6,(anonymous_1)
FNDA:6,(anonymous_2)
FNDA:4,(anonymous_3)
FNDA:4,(anonymous_4)
FNDA:6,(anonymous_5)
FNDA:3,(anonymous_6)
FNDA:17,(anonymous_7)
FNDA:18,(anonymous_8)
DA:1,8
DA:5,29
DA:8,6
DA:9,6
DA:12,6
DA:13,6
DA:14,6
DA:17,4
DA:18,4
DA:21,4
DA:22,4
DA:23,4
DA:26,6
DA:27,6
DA:28,4
DA:31,3
DA:32,3
DA:35,17
DA:36,17
DA:39,18
DA:43,8
LF:21
LH:21
BRDA:27,0,0,2
BRDA:27,0,1,4
BRF:2
BRH:2
end_of_record
TN:
SF:src/services/Usuarios.services.js
FN:5,(anonymous_0)
FN:8,(anonymous_1)
FN:24,(anonymous_2)
FNF:3
FNH:3
FNDA:6,(anonymous_0)
FNDA:2,(anonymous_1)
FNDA:1,(anonymous_2)
DA:1,5
DA:2,5
DA:6,6
DA:9,2
DA:11,2
DA:12,2
DA:14,2
DA:16,0
DA:17,0
DA:19,0
DA:25,1
DA:26,1
DA:27,0
DA:31,5
LF:14
LH:10
BRDA:16,0,0,0
BRDA:16,0,1,0
BRDA:26,1,0,1
BRDA:26,1,1,0
BRF:4
BRH:1
end_of_record
TN:
SF:src/services/index.js
FNF:0
FNH:0
DA:1,5
DA:2,5
DA:3,5
DA:5,5
LF:4
LH:4
BRF:0
BRH:0
end_of_record
